TN:
SF:types.ts
FN:1,(anonymous_0)
FN:7,(anonymous_1)
FNF:2
FNH:2
FNDA:1,(anonymous_0)
FNDA:1,(anonymous_1)
DA:1,1
DA:2,1
DA:3,1
DA:4,1
DA:7,1
DA:8,1
DA:9,1
DA:10,1
LF:8
LH:8
BRDA:1,0,0,1
BRDA:1,0,1,1
BRDA:7,1,0,1
BRDA:7,1,1,1
BRF:4
BRH:4
end_of_record
TN:
SF:services\bookingService.ts
FN:66,notifyBookingEvent
FN:91,isValidTransition
FN:104,createBooking
FN:207,createDirectBooking
FN:339,acceptBooking
FN:418,startBooking
FN:486,completeBooking
FN:564,cancelBooking
FN:635,getBookingsByWorker
FN:675,getBookingsByJob
FN:716,getBookingsByCustomer
FN:757,getBookingDetails
FN:821,getBooking
FNF:13
FNH:3
FNDA:2,notifyBookingEvent
FNDA:0,isValidTransition
FNDA:2,createBooking
FNDA:2,createDirectBooking
FNDA:0,acceptBooking
FNDA:0,startBooking
FNDA:0,completeBooking
FNDA:0,cancelBooking
FNDA:0,getBookingsByWorker
FNDA:0,getBookingsByJob
FNDA:0,getBookingsByCustomer
FNDA:0,getBookingDetails
FNDA:0,getBooking
DA:28,1
DA:56,1
DA:73,2
DA:74,2
DA:75,2
DA:76,0
DA:79,0
DA:95,0
DA:96,0
DA:109,2
DA:111,2
DA:113,2
DA:119,2
DA:120,0
DA:129,2
DA:137,2
DA:143,2
DA:144,0
DA:145,0
DA:151,2
DA:153,2
DA:163,2
DA:168,2
DA:210,2
DA:212,2
DA:213,2
DA:214,0
DA:215,0
DA:216,0
DA:217,0
DA:218,0
DA:219,0
DA:220,0
DA:221,0
DA:229,0
DA:236,0
DA:237,0
DA:238,0
DA:245,0
DA:246,0
DA:247,0
DA:248,0
DA:249,0
DA:258,2
DA:259,2
DA:262,2
DA:270,2
DA:284,2
DA:285,1
DA:288,1
DA:294,1
DA:295,0
DA:298,1
DA:300,1
DA:301,0
DA:316,0
DA:317,0
DA:325,1
DA:330,2
DA:343,0
DA:345,0
DA:347,0
DA:353,0
DA:354,0
DA:364,0
DA:365,0
DA:374,0
DA:379,0
DA:386,0
DA:387,0
DA:388,0
DA:394,0
DA:396,0
DA:404,0
DA:409,0
DA:421,0
DA:423,0
DA:425,0
DA:431,0
DA:432,0
DA:442,0
DA:443,0
DA:452,0
DA:457,0
DA:464,0
DA:465,0
DA:466,0
DA:472,0
DA:477,0
DA:489,0
DA:491,0
DA:493,0
DA:499,0
DA:500,0
DA:510,0
DA:511,0
DA:520,0
DA:525,0
DA:532,0
DA:533,0
DA:534,0
DA:540,0
DA:542,0
DA:550,0
DA:555,0
DA:568,0
DA:570,0
DA:572,0
DA:578,0
DA:579,0
DA:589,0
DA:590,0
DA:599,0
DA:605,0
DA:612,0
DA:613,0
DA:614,0
DA:620,0
DA:625,0
DA:639,0
DA:641,0
DA:642,0
DA:646,0
DA:647,0
DA:650,0
DA:652,0
DA:654,0
DA:655,0
DA:656,0
DA:662,0
DA:667,0
DA:679,0
DA:681,0
DA:682,0
DA:686,0
DA:687,0
DA:690,0
DA:692,0
DA:694,0
DA:695,0
DA:696,0
DA:702,0
DA:707,0
DA:720,0
DA:722,0
DA:723,0
DA:727,0
DA:728,0
DA:731,0
DA:733,0
DA:735,0
DA:736,0
DA:737,0
DA:743,0
DA:748,0
DA:760,0
DA:762,0
DA:764,0
DA:770,0
DA:771,0
DA:781,0
DA:788,0
DA:795,0
DA:801,0
DA:808,0
DA:813,0
DA:824,0
DA:830,0
DA:831,0
DA:837,0
DA:862,1
LF:171
LH:32
BRDA:75,0,0,0
BRDA:75,0,1,2
BRDA:82,1,0,0
BRDA:82,1,1,0
BRDA:119,2,0,0
BRDA:119,2,1,2
BRDA:119,3,0,2
BRDA:119,3,1,2
BRDA:134,4,0,2
BRDA:134,4,1,0
BRDA:143,5,0,0
BRDA:143,5,1,2
BRDA:157,6,0,2
BRDA:157,6,1,0
BRDA:213,7,0,0
BRDA:213,7,1,2
BRDA:216,8,0,0
BRDA:216,8,1,0
BRDA:218,9,0,0
BRDA:218,9,1,0
BRDA:220,10,0,0
BRDA:220,10,1,0
BRDA:237,11,0,0
BRDA:237,11,1,0
BRDA:246,12,0,0
BRDA:246,12,1,0
BRDA:248,13,0,0
BRDA:248,13,1,0
BRDA:259,14,0,0
BRDA:259,14,1,2
BRDA:273,15,0,2
BRDA:273,15,1,1
BRDA:275,16,0,2
BRDA:275,16,1,0
BRDA:284,17,0,1
BRDA:284,17,1,1
BRDA:284,18,0,2
BRDA:284,18,1,1
BRDA:291,19,0,1
BRDA:291,19,1,0
BRDA:294,20,0,0
BRDA:294,20,1,1
BRDA:294,21,0,1
BRDA:294,21,1,1
BRDA:300,22,0,0
BRDA:300,22,1,1
BRDA:306,23,0,0
BRDA:306,23,1,0
BRDA:316,24,0,0
BRDA:316,24,1,0
BRDA:353,25,0,0
BRDA:353,25,1,0
BRDA:353,26,0,0
BRDA:353,26,1,0
BRDA:364,27,0,0
BRDA:364,27,1,0
BRDA:376,28,0,0
BRDA:376,28,1,0
BRDA:386,29,0,0
BRDA:386,29,1,0
BRDA:431,30,0,0
BRDA:431,30,1,0
BRDA:431,31,0,0
BRDA:431,31,1,0
BRDA:442,32,0,0
BRDA:442,32,1,0
BRDA:464,33,0,0
BRDA:464,33,1,0
BRDA:499,34,0,0
BRDA:499,34,1,0
BRDA:499,35,0,0
BRDA:499,35,1,0
BRDA:510,36,0,0
BRDA:510,36,1,0
BRDA:532,37,0,0
BRDA:532,37,1,0
BRDA:578,38,0,0
BRDA:578,38,1,0
BRDA:578,39,0,0
BRDA:578,39,1,0
BRDA:589,40,0,0
BRDA:589,40,1,0
BRDA:612,41,0,0
BRDA:612,41,1,0
BRDA:646,42,0,0
BRDA:646,42,1,0
BRDA:654,43,0,0
BRDA:654,43,1,0
BRDA:663,44,0,0
BRDA:663,44,1,0
BRDA:686,45,0,0
BRDA:686,45,1,0
BRDA:694,46,0,0
BRDA:694,46,1,0
BRDA:703,47,0,0
BRDA:703,47,1,0
BRDA:727,48,0,0
BRDA:727,48,1,0
BRDA:735,49,0,0
BRDA:735,49,1,0
BRDA:744,50,0,0
BRDA:744,50,1,0
BRDA:770,51,0,0
BRDA:770,51,1,0
BRDA:770,52,0,0
BRDA:770,52,1,0
BRDA:803,53,0,0
BRDA:803,53,1,0
BRDA:804,54,0,0
BRDA:804,54,1,0
BRDA:805,55,0,0
BRDA:805,55,1,0
BRDA:830,56,0,0
BRDA:830,56,1,0
BRF:114
BRH:21
end_of_record
TN:
SF:services\databaseErrors.ts
FN:70,handleDatabaseError
FN:95,isErrorCode
FN:102,isConstraintViolation
FN:109,isRLSViolation
FN:116,isNotFound
FNF:5
FNH:0
FNDA:0,handleDatabaseError
FNDA:0,isErrorCode
FNDA:0,isConstraintViolation
FNDA:0,isRLSViolation
FNDA:0,isNotFound
DA:10,1
DA:45,1
DA:71,0
DA:72,0
DA:74,0
DA:75,0
DA:84,0
DA:96,0
DA:103,0
DA:110,0
DA:117,0
LF:11
LH:2
BRDA:71,0,0,0
BRDA:71,0,1,0
BRDA:74,1,0,0
BRDA:74,1,1,0
BRF:4
BRH:0
end_of_record
TN:
SF:services\jobService.ts
FN:63,createJob
FN:137,updateJob
FN:199,deleteJob
FN:232,getJob
FN:260,searchJobs
FN:323,getJobsByPoster
FN:349,updateJobStatus
FNF:7
FNH:1
FNDA:1,createJob
FNDA:0,updateJob
FNDA:0,deleteJob
FNDA:0,getJob
FNDA:0,searchJobs
FNDA:0,getJobsByPoster
FNDA:0,updateJobStatus
DA:67,1
DA:69,1
DA:71,1
DA:72,0
DA:82,1
DA:83,0
DA:92,1
DA:109,1
DA:115,1
DA:116,0
DA:117,0
DA:123,1
DA:128,1
DA:141,0
DA:143,0
DA:145,0
DA:146,0
DA:155,0
DA:157,0
DA:158,0
DA:159,0
DA:160,0
DA:161,0
DA:162,0
DA:163,0
DA:164,0
DA:165,0
DA:166,0
DA:167,0
DA:168,0
DA:170,0
DA:177,0
DA:178,0
DA:179,0
DA:185,0
DA:190,0
DA:202,0
DA:204,0
DA:205,0
DA:210,0
DA:211,0
DA:212,0
DA:218,0
DA:223,0
DA:235,0
DA:241,0
DA:242,0
DA:248,0
DA:263,0
DA:265,0
DA:266,0
DA:269,0
DA:270,0
DA:273,0
DA:274,0
DA:277,0
DA:278,0
DA:281,0
DA:282,0
DA:285,0
DA:288,0
DA:289,0
DA:292,0
DA:293,0
DA:297,0
DA:299,0
DA:301,0
DA:302,0
DA:303,0
DA:309,0
DA:314,0
DA:326,0
DA:332,0
DA:333,0
DA:339,0
DA:353,0
DA:355,0
DA:356,0
DA:363,0
DA:364,0
DA:365,0
DA:371,0
DA:376,0
DA:394,1
LF:84
LH:10
BRDA:71,0,0,0
BRDA:71,0,1,1
BRDA:71,1,0,1
BRDA:71,1,1,1
BRDA:71,1,2,1
BRDA:71,1,3,1
BRDA:82,2,0,0
BRDA:82,2,1,1
BRDA:95,3,0,1
BRDA:95,3,1,0
BRDA:98,4,0,1
BRDA:98,4,1,1
BRDA:99,5,0,1
BRDA:99,5,1,1
BRDA:101,6,0,1
BRDA:101,6,1,0
BRDA:102,7,0,1
BRDA:102,7,1,0
BRDA:103,8,0,1
BRDA:103,8,1,0
BRDA:105,9,0,1
BRDA:105,9,1,1
BRDA:106,10,0,1
BRDA:106,10,1,0
BRDA:115,11,0,0
BRDA:115,11,1,1
BRDA:145,12,0,0
BRDA:145,12,1,0
BRDA:145,13,0,0
BRDA:145,13,1,0
BRDA:157,14,0,0
BRDA:157,14,1,0
BRDA:158,15,0,0
BRDA:158,15,1,0
BRDA:159,16,0,0
BRDA:159,16,1,0
BRDA:160,17,0,0
BRDA:160,17,1,0
BRDA:161,18,0,0
BRDA:161,18,1,0
BRDA:162,19,0,0
BRDA:162,19,1,0
BRDA:163,20,0,0
BRDA:163,20,1,0
BRDA:164,21,0,0
BRDA:164,21,1,0
BRDA:165,22,0,0
BRDA:165,22,1,0
BRDA:166,23,0,0
BRDA:166,23,1,0
BRDA:167,24,0,0
BRDA:167,24,1,0
BRDA:168,25,0,0
BRDA:168,25,1,0
BRDA:177,26,0,0
BRDA:177,26,1,0
BRDA:210,27,0,0
BRDA:210,27,1,0
BRDA:241,28,0,0
BRDA:241,28,1,0
BRDA:269,29,0,0
BRDA:269,29,1,0
BRDA:273,30,0,0
BRDA:273,30,1,0
BRDA:277,31,0,0
BRDA:277,31,1,0
BRDA:281,32,0,0
BRDA:281,32,1,0
BRDA:288,33,0,0
BRDA:288,33,1,0
BRDA:292,34,0,0
BRDA:292,34,1,0
BRDA:301,35,0,0
BRDA:301,35,1,0
BRDA:310,36,0,0
BRDA:310,36,1,0
BRDA:332,37,0,0
BRDA:332,37,1,0
BRDA:340,38,0,0
BRDA:340,38,1,0
BRDA:363,39,0,0
BRDA:363,39,1,0
BRF:82
BRH:18
end_of_record
TN:
SF:services\monitoringService.ts
FN:56,filterSensitiveData
FN:60,(anonymous_1)
FN:66,(anonymous_2)
FN:81,initialize
FN:95,beforeSend
FN:103,(anonymous_5)
FN:121,captureError
FN:142,(anonymous_7)
FN:144,(anonymous_8)
FN:150,(anonymous_9)
FN:162,captureMessage
FN:169,setUser
FN:185,startTransaction
FN:197,(anonymous_13)
FN:208,(anonymous_14)
FN:209,(anonymous_15)
FN:212,(anonymous_16)
FN:213,(anonymous_17)
FNF:18
FNH:2
FNDA:0,filterSensitiveData
FNDA:0,(anonymous_1)
FNDA:0,(anonymous_2)
FNDA:0,initialize
FNDA:0,beforeSend
FNDA:0,(anonymous_5)
FNDA:0,captureError
FNDA:0,(anonymous_7)
FNDA:0,(anonymous_8)
FNDA:0,(anonymous_9)
FNDA:0,captureMessage
FNDA:0,setUser
FNDA:7,startTransaction
FNDA:7,(anonymous_13)
FNDA:0,(anonymous_14)
FNDA:0,(anonymous_15)
FNDA:0,(anonymous_16)
FNDA:0,(anonymous_17)
DA:4,1
DA:49,1
DA:50,1
DA:51,1
DA:57,0
DA:59,0
DA:60,0
DA:62,0
DA:63,0
DA:64,0
DA:66,0
DA:67,0
DA:68,0
DA:69,0
DA:71,0
DA:75,0
DA:82,0
DA:83,0
DA:86,0
DA:97,0
DA:98,0
DA:102,0
DA:103,0
DA:104,0
DA:105,0
DA:107,0
DA:111,0
DA:115,0
DA:122,0
DA:125,0
DA:130,0
DA:139,0
DA:142,0
DA:143,0
DA:144,0
DA:145,0
DA:149,0
DA:150,0
DA:151,0
DA:155,0
DA:163,0
DA:170,0
DA:172,0
DA:173,0
DA:178,0
DA:186,7
DA:188,7
DA:193,7
DA:198,7
DA:199,7
DA:203,7
DA:207,1
DA:208,0
DA:210,0
DA:212,0
DA:214,0
DA:215,0
DA:216,0
DA:222,1
LF:59
LH:12
BRDA:62,0,0,0
BRDA:62,0,1,0
BRDA:64,1,0,0
BRDA:64,1,1,0
BRDA:67,2,0,0
BRDA:67,2,1,0
BRDA:68,3,0,0
BRDA:68,3,1,0
BRDA:68,4,0,0
BRDA:68,4,1,0
BRDA:68,4,2,0
BRDA:82,5,0,0
BRDA:82,5,1,0
BRDA:97,6,0,0
BRDA:97,6,1,0
BRDA:102,7,0,0
BRDA:102,7,1,0
BRDA:104,8,0,0
BRDA:104,8,1,0
BRDA:125,9,0,0
BRDA:125,9,1,0
BRDA:134,10,0,0
BRDA:134,10,1,0
BRDA:143,11,0,0
BRDA:143,11,1,0
BRDA:149,12,0,0
BRDA:149,12,1,0
BRDA:172,13,0,0
BRDA:172,13,1,0
BRF:29
BRH:0
end_of_record
TN:
SF:services\notificationService.ts
FN:62,createInAppNotification
FN:109,getNotifications
FN:150,markNotificationRead
FN:187,getNotification
FN:218,sendPushNotification
FN:250,(anonymous_5)
FN:312,registerDeviceToken
FN:398,getDeviceTokens
FN:422,removeDeviceToken
FNF:9
FNH:1
FNDA:2,createInAppNotification
FNDA:0,getNotifications
FNDA:0,markNotificationRead
FNDA:0,getNotification
FNDA:0,sendPushNotification
FNDA:0,(anonymous_5)
FNDA:0,registerDeviceToken
FNDA:0,getDeviceTokens
FNDA:0,removeDeviceToken
DA:22,1
DA:47,1
DA:48,1
DA:50,1
DA:51,0
DA:69,2
DA:71,2
DA:72,2
DA:80,2
DA:86,2
DA:87,0
DA:88,0
DA:94,2
DA:99,2
DA:113,0
DA:115,0
DA:116,0
DA:122,0
DA:123,0
DA:126,0
DA:128,0
DA:129,0
DA:130,0
DA:136,0
DA:141,0
DA:153,0
DA:155,0
DA:156,0
DA:160,0
DA:167,0
DA:168,0
DA:169,0
DA:175,0
DA:180,0
DA:190,0
DA:196,0
DA:197,0
DA:203,0
DA:224,0
DA:226,0
DA:228,0
DA:233,0
DA:234,0
DA:235,0
DA:241,0
DA:243,0
DA:250,0
DA:254,0
DA:255,0
DA:259,0
DA:266,0
DA:275,0
DA:284,0
DA:285,0
DA:286,0
DA:289,0
DA:298,0
DA:303,0
DA:317,0
DA:319,0
DA:321,0
DA:327,0
DA:328,0
DA:329,0
DA:336,0
DA:337,0
DA:338,0
DA:345,0
DA:346,0
DA:347,0
DA:353,0
DA:359,0
DA:366,0
DA:372,0
DA:378,0
DA:379,0
DA:380,0
DA:386,0
DA:391,0
DA:401,0
DA:406,0
DA:407,0
DA:413,0
DA:425,0
DA:430,0
DA:431,0
DA:437,0
DA:458,1
LF:88
LH:12
BRDA:47,0,0,1
BRDA:47,0,1,1
BRDA:50,1,0,0
BRDA:50,1,1,1
BRDA:50,2,0,1
BRDA:50,2,1,1
BRDA:77,3,0,2
BRDA:77,3,1,0
BRDA:86,4,0,0
BRDA:86,4,1,2
BRDA:122,5,0,0
BRDA:122,5,1,0
BRDA:128,6,0,0
BRDA:128,6,1,0
BRDA:137,7,0,0
BRDA:137,7,1,0
BRDA:167,8,0,0
BRDA:167,8,1,0
BRDA:196,9,0,0
BRDA:196,9,1,0
BRDA:233,10,0,0
BRDA:233,10,1,0
BRDA:241,11,0,0
BRDA:241,11,1,0
BRDA:241,12,0,0
BRDA:241,12,1,0
BRDA:254,13,0,0
BRDA:254,13,1,0
BRDA:272,14,0,0
BRDA:272,14,1,0
BRDA:284,15,0,0
BRDA:284,15,1,0
BRDA:327,16,0,0
BRDA:327,16,1,0
BRDA:336,17,0,0
BRDA:336,17,1,0
BRDA:337,18,0,0
BRDA:337,18,1,0
BRDA:345,19,0,0
BRDA:345,19,1,0
BRDA:378,20,0,0
BRDA:378,20,1,0
BRDA:406,21,0,0
BRDA:406,21,1,0
BRDA:414,22,0,0
BRDA:414,22,1,0
BRDA:430,23,0,0
BRDA:430,23,1,0
BRF:48
BRH:7
end_of_record
TN:
SF:services\paymentWebhookService.ts
FN:108,verifyPaystackSignature
FN:132,computeHmacSha512
FN:150,arrayBufferToHex
FN:162,constantTimeCompare
FN:184,handlePaystackWebhook
FN:290,handleSubscriptionPayment
FN:388,handleBookingPayment
FN:468,handleOnboardingPayment
FN:529,logTransaction
FN:616,getTransactionByReference
FN:649,getTransactionsByUser
FNF:11
FNH:0
FNDA:0,verifyPaystackSignature
FNDA:0,computeHmacSha512
FNDA:0,arrayBufferToHex
FNDA:0,constantTimeCompare
FNDA:0,handlePaystackWebhook
FNDA:0,handleSubscriptionPayment
FNDA:0,handleBookingPayment
FNDA:0,handleOnboardingPayment
FNDA:0,logTransaction
FNDA:0,getTransactionByReference
FNDA:0,getTransactionsByUser
DA:30,1
DA:113,0
DA:115,0
DA:116,0
DA:117,0
DA:120,0
DA:121,0
DA:124,0
DA:126,0
DA:133,0
DA:134,0
DA:135,0
DA:137,0
DA:145,0
DA:147,0
DA:151,0
DA:152,0
DA:153,0
DA:154,0
DA:156,0
DA:163,0
DA:164,0
DA:167,0
DA:168,0
DA:169,0
DA:172,0
DA:187,0
DA:189,0
DA:190,0
DA:193,0
DA:196,0
DA:198,0
DA:199,0
DA:200,0
DA:201,0
DA:202,0
DA:203,0
DA:207,0
DA:208,0
DA:218,0
DA:222,0
DA:224,0
DA:225,0
DA:226,0
DA:227,0
DA:230,0
DA:236,0
DA:237,0
DA:238,0
DA:240,0
DA:246,0
DA:247,0
DA:256,0
DA:261,0
DA:262,0
DA:266,0
DA:267,0
DA:276,0
DA:294,0
DA:296,0
DA:299,0
DA:306,0
DA:307,0
DA:314,0
DA:317,0
DA:318,0
DA:324,0
DA:325,0
DA:331,0
DA:334,0
DA:337,0
DA:338,0
DA:341,0
DA:343,0
DA:344,0
DA:345,0
DA:347,0
DA:352,0
DA:358,0
DA:359,0
DA:362,0
DA:367,0
DA:370,0
DA:373,0
DA:375,0
DA:392,0
DA:394,0
DA:396,0
DA:403,0
DA:404,0
DA:411,0
DA:413,0
DA:415,0
DA:416,0
DA:424,0
DA:426,0
DA:431,0
DA:432,0
DA:435,0
DA:440,0
DA:442,0
DA:447,0
DA:448,0
DA:451,0
DA:458,0
DA:460,0
DA:472,0
DA:474,0
DA:475,0
DA:481,0
DA:482,0
DA:485,0
DA:486,0
DA:487,0
DA:488,0
DA:491,0
DA:492,0
DA:497,0
DA:498,0
DA:499,0
DA:502,0
DA:507,0
DA:509,0
DA:539,0
DA:541,0
DA:542,0
DA:543,0
DA:544,0
DA:545,0
DA:549,0
DA:556,0
DA:558,0
DA:562,0
DA:568,0
DA:575,0
DA:586,0
DA:592,0
DA:593,0
DA:594,0
DA:600,0
DA:605,0
DA:619,0
DA:625,0
DA:626,0
DA:627,0
DA:629,0
DA:635,0
DA:653,0
DA:657,0
DA:658,0
DA:661,0
DA:663,0
DA:665,0
DA:666,0
DA:672,0
DA:701,1
LF:156
LH:2
BRDA:113,0,0,0
BRDA:113,0,1,0
BRDA:115,1,0,0
BRDA:115,1,1,0
BRDA:120,2,0,0
BRDA:120,2,1,0
BRDA:120,3,0,0
BRDA:120,3,1,0
BRDA:163,4,0,0
BRDA:163,4,1,0
BRDA:193,5,0,0
BRDA:193,5,1,0
BRDA:193,5,2,0
BRDA:193,5,3,0
BRDA:193,5,4,0
BRDA:193,5,5,0
BRDA:193,5,6,0
BRDA:198,6,0,0
BRDA:198,6,1,0
BRDA:200,7,0,0
BRDA:200,7,1,0
BRDA:202,8,0,0
BRDA:202,8,1,0
BRDA:207,9,0,0
BRDA:207,9,1,0
BRDA:212,10,0,0
BRDA:212,10,1,0
BRDA:224,11,0,0
BRDA:224,11,1,0
BRDA:226,12,0,0
BRDA:226,12,1,0
BRDA:236,13,0,0
BRDA:236,13,1,0
BRDA:237,14,0,0
BRDA:237,14,1,0
BRDA:246,15,0,0
BRDA:246,15,1,0
BRDA:251,16,0,0
BRDA:251,16,1,0
BRDA:253,17,0,0
BRDA:253,17,1,0
BRDA:306,18,0,0
BRDA:306,18,1,0
BRDA:306,19,0,0
BRDA:306,19,1,0
BRDA:314,20,0,0
BRDA:314,20,1,0
BRDA:317,21,0,0
BRDA:317,21,1,0
BRDA:324,22,0,0
BRDA:324,22,1,0
BRDA:324,23,0,0
BRDA:324,23,1,0
BRDA:331,24,0,0
BRDA:331,24,1,0
BRDA:334,25,0,0
BRDA:334,25,1,0
BRDA:341,26,0,0
BRDA:341,26,1,0
BRDA:358,27,0,0
BRDA:358,27,1,0
BRDA:367,28,0,0
BRDA:367,28,1,0
BRDA:403,29,0,0
BRDA:403,29,1,0
BRDA:403,30,0,0
BRDA:403,30,1,0
BRDA:413,31,0,0
BRDA:413,31,1,0
BRDA:424,32,0,0
BRDA:424,32,1,0
BRDA:431,33,0,0
BRDA:431,33,1,0
BRDA:440,34,0,0
BRDA:440,34,1,0
BRDA:447,35,0,0
BRDA:447,35,1,0
BRDA:481,36,0,0
BRDA:481,36,1,0
BRDA:481,37,0,0
BRDA:481,37,1,0
BRDA:486,38,0,0
BRDA:486,38,1,0
BRDA:491,39,0,0
BRDA:491,39,1,0
BRDA:497,40,0,0
BRDA:497,40,1,0
BRDA:542,41,0,0
BRDA:542,41,1,0
BRDA:544,42,0,0
BRDA:544,42,1,0
BRDA:545,43,0,0
BRDA:545,43,1,0
BRDA:556,44,0,0
BRDA:556,44,1,0
BRDA:581,45,0,0
BRDA:581,45,1,0
BRDA:583,46,0,0
BRDA:583,46,1,0
BRDA:592,47,0,0
BRDA:592,47,1,0
BRDA:625,48,0,0
BRDA:625,48,1,0
BRDA:626,49,0,0
BRDA:626,49,1,0
BRDA:657,50,0,0
BRDA:657,50,1,0
BRDA:665,51,0,0
BRDA:665,51,1,0
BRDA:673,52,0,0
BRDA:673,52,1,0
BRF:111
BRH:0
end_of_record
TN:
SF:services\workerService.ts
FN:119,getCategories
FN:145,createProfile
FN:196,updateProfile
FN:263,getProfile
FN:292,getProfileByUserId
FN:327,resolveWorkerProfile
FN:343,searchProfiles
FN:422,getTierWeight
FN:430,normalizeRating
FN:439,calculateDistanceScore
FN:472,toRadians
FN:480,calculateActivityBonus
FN:497,calculateCompletionRate
FN:511,calculateResponseTimeFactor
FN:527,calculateCompositeScore
FN:559,aggregateBookingStats
FN:590,fetchWorkerStatsForRanking
FN:594,(anonymous_17)
FN:623,(anonymous_18)
FN:648,buildRankingFactors
FN:678,searchWorkersRanked
FN:704,(anonymous_21)
FN:724,(anonymous_22)
FN:744,getProfileByUsername
FN:768,getPortfolioItems
FN:793,createPortfolioItem
FN:824,deletePortfolioItem
FN:848,getEndorsements
FN:873,createEndorsement
FNF:29
FNH:8
FNDA:0,getCategories
FNDA:0,createProfile
FNDA:0,updateProfile
FNDA:1,getProfile
FNDA:1,getProfileByUserId
FNDA:0,resolveWorkerProfile
FNDA:0,searchProfiles
FNDA:0,getTierWeight
FNDA:0,normalizeRating
FNDA:0,calculateDistanceScore
FNDA:0,toRadians
FNDA:0,calculateActivityBonus
FNDA:0,calculateCompletionRate
FNDA:0,calculateResponseTimeFactor
FNDA:0,calculateCompositeScore
FNDA:0,aggregateBookingStats
FNDA:0,fetchWorkerStatsForRanking
FNDA:0,(anonymous_17)
FNDA:0,(anonymous_18)
FNDA:0,buildRankingFactors
FNDA:0,searchWorkersRanked
FNDA:0,(anonymous_21)
FNDA:0,(anonymous_22)
FNDA:1,getProfileByUsername
FNDA:2,getPortfolioItems
FNDA:1,createPortfolioItem
FNDA:1,deletePortfolioItem
FNDA:1,getEndorsements
FNDA:1,createEndorsement
DA:120,0
DA:126,0
DA:127,0
DA:133,0
DA:149,0
DA:151,0
DA:152,0
DA:168,0
DA:174,0
DA:175,0
DA:176,0
DA:182,0
DA:187,0
DA:200,0
DA:202,0
DA:203,0
DA:205,0
DA:206,0
DA:207,0
DA:208,0
DA:209,0
DA:210,0
DA:211,0
DA:212,0
DA:213,0
DA:215,0
DA:216,0
DA:217,0
DA:218,0
DA:221,0
DA:228,0
DA:229,0
DA:230,0
DA:236,0
DA:241,0
DA:266,1
DA:272,1
DA:273,0
DA:279,1
DA:280,0
DA:283,1
DA:295,1
DA:301,1
DA:302,0
DA:308,1
DA:309,0
DA:318,1
DA:330,0
DA:331,0
DA:332,0
DA:335,0
DA:346,0
DA:348,0
DA:349,0
DA:352,0
DA:353,0
DA:357,0
DA:358,0
DA:362,0
DA:363,0
DA:367,0
DA:368,0
DA:372,0
DA:373,0
DA:376,0
DA:378,0
DA:379,0
DA:380,0
DA:386,0
DA:391,0
DA:399,1
DA:409,1
DA:423,0
DA:432,0
DA:445,0
DA:446,0
DA:450,0
DA:451,0
DA:452,0
DA:455,0
DA:459,0
DA:460,0
DA:465,0
DA:466,0
DA:473,0
DA:481,0
DA:482,0
DA:485,0
DA:486,0
DA:487,0
DA:490,0
DA:501,0
DA:502,0
DA:504,0
DA:512,0
DA:513,0
DA:518,0
DA:519,0
DA:520,0
DA:532,0
DA:540,0
DA:546,1
DA:547,1
DA:562,0
DA:564,0
DA:565,0
DA:566,0
DA:568,0
DA:570,0
DA:571,0
DA:574,0
DA:575,0
DA:576,0
DA:577,0
DA:578,0
DA:579,0
DA:584,0
DA:593,0
DA:594,0
DA:596,0
DA:597,0
DA:605,0
DA:606,0
DA:609,0
DA:614,0
DA:615,0
DA:616,0
DA:617,0
DA:618,0
DA:619,0
DA:620,0
DA:621,0
DA:622,0
DA:623,0
DA:628,0
DA:633,0
DA:634,0
DA:635,0
DA:636,0
DA:637,0
DA:642,0
DA:655,0
DA:660,0
DA:682,0
DA:684,0
DA:686,0
DA:688,0
DA:689,0
DA:695,0
DA:696,0
DA:702,0
DA:704,0
DA:705,0
DA:712,0
DA:713,0
DA:715,0
DA:724,0
DA:726,0
DA:731,0
DA:732,0
DA:737,0
DA:747,1
DA:749,1
DA:755,1
DA:756,0
DA:762,1
DA:771,2
DA:777,2
DA:778,0
DA:784,2
DA:797,1
DA:808,1
DA:809,0
DA:815,1
DA:827,1
DA:832,1
DA:833,0
DA:839,1
DA:851,1
DA:857,1
DA:858,0
DA:864,1
DA:878,1
DA:888,1
DA:889,0
DA:895,1
DA:902,1
LF:187
LH:32
BRDA:126,0,0,0
BRDA:126,0,1,0
BRDA:134,1,0,0
BRDA:134,1,1,0
BRDA:158,2,0,0
BRDA:158,2,1,0
BRDA:159,3,0,0
BRDA:159,3,1,0
BRDA:160,4,0,0
BRDA:160,4,1,0
BRDA:161,5,0,0
BRDA:161,5,1,0
BRDA:162,6,0,0
BRDA:162,6,1,0
BRDA:163,7,0,0
BRDA:163,7,1,0
BRDA:164,8,0,0
BRDA:164,8,1,0
BRDA:165,9,0,0
BRDA:165,9,1,0
BRDA:174,10,0,0
BRDA:174,10,1,0
BRDA:205,11,0,0
BRDA:205,11,1,0
BRDA:206,12,0,0
BRDA:206,12,1,0
BRDA:207,13,0,0
BRDA:207,13,1,0
BRDA:208,14,0,0
BRDA:208,14,1,0
BRDA:209,15,0,0
BRDA:209,15,1,0
BRDA:210,16,0,0
BRDA:210,16,1,0
BRDA:211,17,0,0
BRDA:211,17,1,0
BRDA:212,18,0,0
BRDA:212,18,1,0
BRDA:213,19,0,0
BRDA:213,19,1,0
BRDA:215,20,0,0
BRDA:215,20,1,0
BRDA:228,21,0,0
BRDA:228,21,1,0
BRDA:272,22,0,0
BRDA:272,22,1,1
BRDA:279,23,0,0
BRDA:279,23,1,1
BRDA:301,24,0,0
BRDA:301,24,1,1
BRDA:308,25,0,0
BRDA:308,25,1,1
BRDA:331,26,0,0
BRDA:331,26,1,0
BRDA:352,27,0,0
BRDA:352,27,1,0
BRDA:357,28,0,0
BRDA:357,28,1,0
BRDA:362,29,0,0
BRDA:362,29,1,0
BRDA:367,30,0,0
BRDA:367,30,1,0
BRDA:372,31,0,0
BRDA:372,31,1,0
BRDA:372,32,0,0
BRDA:372,32,1,0
BRDA:378,33,0,0
BRDA:378,33,1,0
BRDA:387,34,0,0
BRDA:387,34,1,0
BRDA:423,35,0,0
BRDA:423,35,1,0
BRDA:445,36,0,0
BRDA:445,36,1,0
BRDA:445,37,0,0
BRDA:445,37,1,0
BRDA:445,37,2,0
BRDA:481,38,0,0
BRDA:481,38,1,0
BRDA:490,39,0,0
BRDA:490,39,1,0
BRDA:501,40,0,0
BRDA:501,40,1,0
BRDA:512,41,0,0
BRDA:512,41,1,0
BRDA:565,42,0,0
BRDA:565,42,1,0
BRDA:570,43,0,0
BRDA:570,43,1,0
BRDA:574,44,0,0
BRDA:574,44,1,0
BRDA:578,45,0,0
BRDA:578,45,1,0
BRDA:605,46,0,0
BRDA:605,46,1,0
BRDA:614,47,0,0
BRDA:614,47,1,0
BRDA:614,48,0,0
BRDA:614,48,1,0
BRDA:618,49,0,0
BRDA:618,49,1,0
BRDA:621,50,0,0
BRDA:621,50,1,0
BRDA:633,51,0,0
BRDA:633,51,1,0
BRDA:633,52,0,0
BRDA:633,52,1,0
BRDA:636,53,0,0
BRDA:636,53,1,0
BRDA:655,54,0,0
BRDA:655,54,1,0
BRDA:656,55,0,0
BRDA:656,55,1,0
BRDA:656,56,0,0
BRDA:656,56,1,0
BRDA:664,57,0,0
BRDA:664,57,1,0
BRDA:665,58,0,0
BRDA:665,58,1,0
BRDA:688,59,0,0
BRDA:688,59,1,0
BRDA:695,60,0,0
BRDA:695,60,1,0
BRDA:695,61,0,0
BRDA:695,61,1,0
BRDA:705,62,0,0
BRDA:705,62,1,0
BRDA:747,63,0,1
BRDA:747,63,1,0
BRDA:755,64,0,0
BRDA:755,64,1,1
BRDA:755,65,0,1
BRDA:755,65,1,1
BRDA:758,66,0,0
BRDA:758,66,1,0
BRDA:777,67,0,0
BRDA:777,67,1,2
BRDA:785,68,0,2
BRDA:785,68,1,0
BRDA:802,69,0,1
BRDA:802,69,1,0
BRDA:803,70,0,1
BRDA:803,70,1,0
BRDA:808,71,0,0
BRDA:808,71,1,1
BRDA:832,72,0,0
BRDA:832,72,1,1
BRDA:857,73,0,0
BRDA:857,73,1,1
BRDA:865,74,0,1
BRDA:865,74,1,0
BRDA:883,75,0,1
BRDA:883,75,1,0
BRDA:888,76,0,0
BRDA:888,76,1,1
BRF:155
BRH:18
end_of_record
TN:
SF:utils\authRedirect.ts
FN:7,isAuthRoute
FN:11,getDefaultDashboardPath
FN:17,getSafeRedirectPath
FN:26,getSafeRedirectPathFromString
FN:42,resolvePostAuthPath
FNF:5
FNH:5
FNDA:11,isAuthRoute
FNDA:7,getDefaultDashboardPath
FNDA:2,getSafeRedirectPath
FNDA:5,getSafeRedirectPathFromString
FNDA:5,resolvePostAuthPath
DA:4,1
DA:8,11
DA:12,7
DA:21,2
DA:22,1
DA:23,2
DA:30,5
DA:31,3
DA:32,2
DA:46,5
DA:47,5
DA:49,5
DA:50,3
DA:51,1
DA:53,2
DA:54,1
DA:58,3
LF:17
LH:17
BRDA:12,0,0,4
BRDA:12,0,1,3
BRDA:12,1,0,7
BRDA:12,1,1,3
BRDA:21,2,0,1
BRDA:21,2,1,1
BRDA:22,3,0,1
BRDA:22,3,1,0
BRDA:30,4,0,2
BRDA:30,4,1,3
BRDA:31,5,0,1
BRDA:31,5,1,2
BRDA:47,6,0,4
BRDA:47,6,1,1
BRDA:47,7,0,5
BRDA:47,7,1,5
BRDA:49,8,0,3
BRDA:49,8,1,2
BRDA:49,9,0,5
BRDA:49,9,1,2
BRDA:50,10,0,1
BRDA:50,10,1,2
BRDA:53,11,0,1
BRDA:53,11,1,1
BRF:24
BRH:23
end_of_record
TN:
SF:utils\logger.ts
FN:16,(anonymous_0)
FN:18,(anonymous_1)
FN:30,(anonymous_2)
FN:39,(anonymous_3)
FN:46,(anonymous_4)
FN:53,(anonymous_5)
FN:58,(anonymous_6)
FN:63,(anonymous_7)
FN:73,(anonymous_8)
FNF:9
FNH:0
FNDA:0,(anonymous_0)
FNDA:0,(anonymous_1)
FNDA:0,(anonymous_2)
FNDA:0,(anonymous_3)
FNDA:0,(anonymous_4)
FNDA:0,(anonymous_5)
FNDA:0,(anonymous_6)
FNDA:0,(anonymous_7)
FNDA:0,(anonymous_8)
DA:11,1
DA:12,1
DA:14,1
DA:16,0
DA:18,1
DA:19,0
DA:20,0
DA:21,0
DA:22,0
DA:23,0
DA:24,0
DA:26,0
DA:30,1
DA:38,1
DA:40,0
DA:41,0
DA:43,0
DA:47,0
DA:48,0
DA:50,0
DA:54,0
DA:55,0
DA:59,0
DA:60,0
DA:64,0
DA:65,0
DA:66,0
DA:68,0
DA:69,0
DA:74,0
LF:30
LH:6
BRDA:21,0,0,0
BRDA:21,0,1,0
BRDA:23,1,0,0
BRDA:23,1,1,0
BRDA:40,2,0,0
BRDA:40,2,1,0
BRDA:41,3,0,0
BRDA:41,3,1,0
BRDA:47,4,0,0
BRDA:47,4,1,0
BRDA:48,5,0,0
BRDA:48,5,1,0
BRDA:54,6,0,0
BRDA:54,6,1,0
BRDA:59,7,0,0
BRDA:59,7,1,0
BRDA:66,8,0,0
BRDA:66,8,1,0
BRF:18
BRH:0
end_of_record
